13:39:40 Disconnected from to COM Port
13:41:15 TX Packet - Type ID: 0x0a (OBC) CMD ID: 0x01 (Ping Request) 
13:41:15 RX Packet - Type ID: 0x0a (OBC) CMD ID: 0x00 (Ping Response) 
13:41:18 TX Packet - Type ID: 0x0a (OBC) CMD ID: 0x03 (Shutoff Beacon Request) 
13:41:18 RX Packet - Type ID: 0x0a (OBC) CMD ID: 0x02 (Shutoff Beacon Response) 
13:41:20 TX Packet - Type ID: 0x0a (OBC) CMD ID: 0x05 (Basic Health Check Request) 
13:41:20 RX Packet - Type ID: 0x0a (OBC) CMD ID: 0x04 (Basic Health Check Response) 
13:41:22 TX Packet - Type ID: 0x0a (OBC) CMD ID: 0x07 (Main Operation Request) 
13:41:22 RX Packet - Type ID: 0x0a (OBC) CMD ID: 0x06 (Main Operation Response) 
13:41:26 TX Packet - Type ID: 0x1e (EPS) CMD ID: 0x01 (Battery Voltage Request) 
13:41:26 RX Packet - Type ID: 0x1e (EPS) CMD ID: 0x00 (Battery Voltage Response) 
13:41:31 TX Packet - Type ID: 0x28 (SDR) CMD ID: 0x01 (Power Status Request) 
13:41:31 RX Packet - Type ID: 0x28 (SDR) CMD ID: 0x00 (Power Status Response) 
13:41:34 TX Packet - Type ID: 0x5a (EOL) CMD ID: 0x01 (End Of Life Request) 
13:41:34 RX Packet - Type ID: 0x5a (EOL) CMD ID: 0x00 (End Of Life Response) 
13:41:56 Disconnected from to COM Port
13:43:29 TX Packet - Type ID: 0x0a (OBC) CMD ID: 0x01 (Ping Request) 
13:43:29 RX Packet - Type ID: 0x0a (OBC) CMD ID: 0x00 (Ping Response) 
13:43:38 TX Packet - Type ID: 0x0a (OBC) CMD ID: 0x03 (Shutoff Beacon Request) 
13:43:38 RX Packet - Type ID: 0x0a (OBC) CMD ID: 0x02 (Shutoff Beacon Response) 
13:43:40 TX Packet - Type ID: 0x0a (OBC) CMD ID: 0x05 (Basic Health Check Request) 
13:43:40 RX Packet - Type ID: 0x0a (OBC) CMD ID: 0x04 (Basic Health Check Response) 
13:43:43 TX Packet - Type ID: 0x0a (OBC) CMD ID: 0x07 (Main Operation Request) 
13:43:43 RX Packet - Type ID: 0x0a (OBC) CMD ID: 0x06 (Main Operation Response) 
13:43:48 TX Packet - Type ID: 0x1e (EPS) CMD ID: 0x01 (Battery Voltage Request) 
13:43:48 RX Packet - Type ID: 0x1e (EPS) CMD ID: 0x00 (Battery Voltage Response) 
13:43:51 TX Packet - Type ID: 0x28 (SDR) CMD ID: 0x01 (Power Status Request) 
13:43:51 RX Packet - Type ID: 0x28 (SDR) CMD ID: 0x00 (Power Status Response) 
13:43:54 TX Packet - Type ID: 0x5a (EOL) CMD ID: 0x01 (End Of Life Request) 
13:43:54 RX Packet - Type ID: 0x5a (EOL) CMD ID: 0x00 (End Of Life Response) 
