23:36:36 Connected to COM Port 4
23:36:37 TX Packet - Type ID: 0x0a (OBC) CMD ID: 0x01 (Ping Request) 
23:36:37 RX Packet - Type ID: 0x0a (OBC) CMD ID: 0x00 (Ping Response) 
23:36:38 TX Packet - Type ID: 0x0a (OBC) CMD ID: 0x01 (Ping Request) 
23:36:38 RX Packet - Type ID: 0x0a (OBC) CMD ID: 0x00 (Ping Response) 
23:36:38 TX Packet - Type ID: 0x0a (OBC) CMD ID: 0x01 (Ping Request) 
23:36:38 RX Packet - Type ID: 0x0a (OBC) CMD ID: 0x00 (Ping Response) 
23:40:17 Connected to COM Port 4
23:40:36 TX Packet - Type ID: 0x1e (EPS) CMD ID: 0x01 (Battery Voltage Request) 
23:40:50 TX Packet - Type ID: 0x1e (EPS) CMD ID: 0x01 (Battery Voltage Request) 
23:40:50 RX Packet - Type ID: 0x1e (EPS) CMD ID: 0x00 (Battery Voltage Response) 
23:41:06 Connected to COM Port 4
23:41:11 TX Packet - Type ID: 0x1e (EPS) CMD ID: 0x01 (Battery Voltage Request) 
23:41:11 RX Packet - Type ID: 0x1e (EPS) CMD ID: 0x00 (Battery Voltage Response) 
23:41:18 TX Packet - Type ID: 0x0a (OBC) CMD ID: 0x05 (Basic Health Check Request) 
23:41:18 RX Packet - Type ID: 0x0a (OBC) CMD ID: 0x04 (Basic Health Check Response) 
23:42:09 TX Packet - Type ID: 0x1e (EPS) CMD ID: 0x01 (Battery Voltage Request) 
23:42:09 RX Packet - Type ID: 0x1e (EPS) CMD ID: 0x00 (Battery Voltage Response) 
23:42:10 TX Packet - Type ID: 0x1e (EPS) CMD ID: 0x01 (Battery Voltage Request) 
23:42:10 RX Packet - Type ID: 0x1e (EPS) CMD ID: 0x00 (Battery Voltage Response) 
23:42:11 TX Packet - Type ID: 0x1e (EPS) CMD ID: 0x01 (Battery Voltage Request) 
23:42:11 RX Packet - Type ID: 0x1e (EPS) CMD ID: 0x00 (Battery Voltage Response) 
23:42:12 TX Packet - Type ID: 0x1e (EPS) CMD ID: 0x01 (Battery Voltage Request) 
23:42:12 RX Packet - Type ID: 0x1e (EPS) CMD ID: 0x00 (Battery Voltage Response) 
23:42:51 TX Packet - Type ID: 0x1e (EPS) CMD ID: 0x01 (Battery Voltage Request) 
23:42:57 TX Packet - Type ID: 0x1e (EPS) CMD ID: 0x01 (Battery Voltage Request) 
23:42:57 RX Packet - Type ID: 0x1e (EPS) CMD ID: 0x00 (Battery Voltage Response) 
23:42:58 TX Packet - Type ID: 0x1e (EPS) CMD ID: 0x01 (Battery Voltage Request) 
23:42:58 RX Packet - Type ID: 0x1e (EPS) CMD ID: 0x00 (Battery Voltage Response) 
23:43:00 TX Packet - Type ID: 0x1e (EPS) CMD ID: 0x01 (Battery Voltage Request) 
23:43:00 RX Packet - Type ID: 0x1e (EPS) CMD ID: 0x00 (Battery Voltage Response) 
23:43:07 TX Packet - Type ID: 0x0a (OBC) CMD ID: 0x01 (Ping Request) 
23:43:07 RX Packet - Type ID: 0x0a (OBC) CMD ID: 0x00 (Ping Response) 
23:43:07 TX Packet - Type ID: 0x0a (OBC) CMD ID: 0x01 (Ping Request) 
23:43:07 RX Packet - Type ID: 0x0a (OBC) CMD ID: 0x00 (Ping Response) 
23:43:08 TX Packet - Type ID: 0x0a (OBC) CMD ID: 0x01 (Ping Request) 
23:43:08 RX Packet - Type ID: 0x0a (OBC) CMD ID: 0x00 (Ping Response) 
23:43:42 TX Packet - Type ID: 0x0a (OBC) CMD ID: 0x01 (Ping Request) 
23:43:42 RX Packet - Type ID: 0x0a (OBC) CMD ID: 0x00 (Ping Response) 
23:43:42 TX Packet - Type ID: 0x0a (OBC) CMD ID: 0x01 (Ping Request) 
23:43:42 RX Packet - Type ID: 0x0a (OBC) CMD ID: 0x00 (Ping Response) 
23:43:42 TX Packet - Type ID: 0x0a (OBC) CMD ID: 0x01 (Ping Request) 
23:43:42 RX Packet - Type ID: 0x0a (OBC) CMD ID: 0x00 (Ping Response) 
23:43:42 TX Packet - Type ID: 0x0a (OBC) CMD ID: 0x01 (Ping Request) 
23:43:42 RX Packet - Type ID: 0x0a (OBC) CMD ID: 0x00 (Ping Response) 
23:43:42 TX Packet - Type ID: 0x0a (OBC) CMD ID: 0x01 (Ping Request) 
23:43:42 RX Packet - Type ID: 0x0a (OBC) CMD ID: 0x00 (Ping Response) 
23:43:42 TX Packet - Type ID: 0x0a (OBC) CMD ID: 0x01 (Ping Request) 
23:43:42 RX Packet - Type ID: 0x0a (OBC) CMD ID: 0x00 (Ping Response) 
23:43:42 TX Packet - Type ID: 0x0a (OBC) CMD ID: 0x01 (Ping Request) 
23:43:42 RX Packet - Type ID: 0x0a (OBC) CMD ID: 0x00 (Ping Response) 
23:43:43 TX Packet - Type ID: 0x0a (OBC) CMD ID: 0x01 (Ping Request) 
23:43:43 RX Packet - Type ID: 0x0a (OBC) CMD ID: 0x00 (Ping Response) 
23:43:43 TX Packet - Type ID: 0x0a (OBC) CMD ID: 0x01 (Ping Request) 
23:43:43 RX Packet - Type ID: 0x0a (OBC) CMD ID: 0x00 (Ping Response) 
23:43:43 TX Packet - Type ID: 0x0a (OBC) CMD ID: 0x01 (Ping Request) 
23:43:43 RX Packet - Type ID: 0x0a (OBC) CMD ID: 0x00 (Ping Response) 
23:43:43 TX Packet - Type ID: 0x0a (OBC) CMD ID: 0x01 (Ping Request) 
23:43:43 RX Packet - Type ID: 0x0a (OBC) CMD ID: 0x00 (Ping Response) 
23:43:43 TX Packet - Type ID: 0x0a (OBC) CMD ID: 0x01 (Ping Request) 
23:43:43 RX Packet - Type ID: 0x0a (OBC) CMD ID: 0x00 (Ping Response) 
23:43:43 TX Packet - Type ID: 0x0a (OBC) CMD ID: 0x01 (Ping Request) 
23:43:43 RX Packet - Type ID: 0x0a (OBC) CMD ID: 0x00 (Ping Response) 
23:43:43 TX Packet - Type ID: 0x0a (OBC) CMD ID: 0x01 (Ping Request) 
23:43:43 RX Packet - Type ID: 0x0a (OBC) CMD ID: 0x00 (Ping Response) 
23:43:43 TX Packet - Type ID: 0x0a (OBC) CMD ID: 0x01 (Ping Request) 
23:43:43 RX Packet - Type ID: 0x0a (OBC) CMD ID: 0x00 (Ping Response) 
23:43:43 TX Packet - Type ID: 0x0a (OBC) CMD ID: 0x01 (Ping Request) 
23:43:43 RX Packet - Type ID: 0x0a (OBC) CMD ID: 0x00 (Ping Response) 
23:43:44 TX Packet - Type ID: 0x0a (OBC) CMD ID: 0x01 (Ping Request) 
23:43:44 RX Packet - Type ID: 0x0a (OBC) CMD ID: 0x00 (Ping Response) 
23:43:44 TX Packet - Type ID: 0x0a (OBC) CMD ID: 0x01 (Ping Request) 
23:43:44 RX Packet - Type ID: 0x0a (OBC) CMD ID: 0x00 (Ping Response) 
23:43:44 TX Packet - Type ID: 0x0a (OBC) CMD ID: 0x01 (Ping Request) 
23:43:44 RX Packet - Type ID: 0x0a (OBC) CMD ID: 0x00 (Ping Response) 
23:43:44 TX Packet - Type ID: 0x0a (OBC) CMD ID: 0x01 (Ping Request) 
23:43:44 RX Packet - Type ID: 0x0a (OBC) CMD ID: 0x00 (Ping Response) 
23:43:44 TX Packet - Type ID: 0x0a (OBC) CMD ID: 0x01 (Ping Request) 
23:43:44 RX Packet - Type ID: 0x0a (OBC) CMD ID: 0x00 (Ping Response) 
23:43:44 TX Packet - Type ID: 0x0a (OBC) CMD ID: 0x01 (Ping Request) 
23:43:44 RX Packet - Type ID: 0x0a (OBC) CMD ID: 0x00 (Ping Response) 
23:43:44 TX Packet - Type ID: 0x0a (OBC) CMD ID: 0x01 (Ping Request) 
23:43:44 RX Packet - Type ID: 0x0a (OBC) CMD ID: 0x00 (Ping Response) 
23:43:44 TX Packet - Type ID: 0x0a (OBC) CMD ID: 0x01 (Ping Request) 
23:43:44 RX Packet - Type ID: 0x0a (OBC) CMD ID: 0x00 (Ping Response) 
23:43:44 TX Packet - Type ID: 0x0a (OBC) CMD ID: 0x01 (Ping Request) 
23:43:44 RX Packet - Type ID: 0x0a (OBC) CMD ID: 0x00 (Ping Response) 
23:43:45 TX Packet - Type ID: 0x0a (OBC) CMD ID: 0x01 (Ping Request) 
23:43:45 RX Packet - Type ID: 0x0a (OBC) CMD ID: 0x00 (Ping Response) 
